2026-05-12 18:37:14,178 - INFO - Streamlit dashboard started
2026-05-12 18:37:28,199 - INFO - User entered review: 
2026-05-12 18:37:48,762 - INFO - Streamlit dashboard started
2026-05-12 18:37:48,976 - INFO - Streamlit dashboard started
2026-05-12 18:37:51,971 - INFO - User entered review: Date on the back of these were 1992. Yeah, 1992. Inedible.
2026-05-12 18:37:51,990 - INFO - Dashboard prediction result: Negative
2026-05-12 18:38:02,054 - INFO - Streamlit dashboard started
2026-05-12 18:38:02,289 - INFO - Streamlit dashboard started
2026-05-12 18:38:04,382 - INFO - User entered review: I put these batteries in 10 of the 12 window candles that I bought - I put my last 2 Duracell in the other 2. The Amazon Batteries lasted for about 10 days and the Duracell lasted for 12. Since then I've experimented to see if this is consistent . It is, the Duracell last an average of 17 longer.
2026-05-12 18:38:04,391 - INFO - Dashboard prediction result: Negative
2026-05-12 18:38:08,636 - INFO - Streamlit dashboard started
2026-05-12 18:38:09,708 - INFO - User entered review: I put these batteries in 10 of the 12 window candles that I bought - I put my last 2 Duracell in the other 2. The Amazon Batteries lasted for about 10 days and the Duracell lasted for 12. Since then I've experimented to see if this is consistent . It is, the Duracell last an average of 17 longer.
2026-05-12 18:38:09,720 - INFO - Dashboard prediction result: Negative
2026-05-12 18:38:20,028 - INFO - Streamlit dashboard started
2026-05-12 18:38:20,250 - INFO - Streamlit dashboard started
2026-05-12 18:38:21,528 - INFO - User entered review: Just got them so i really wont kno for a few eeeks or so how good these batteries are
2026-05-12 18:38:21,534 - INFO - Dashboard prediction result: Neutral
2026-05-12 18:38:31,336 - INFO - Streamlit dashboard started
2026-05-12 18:38:31,602 - INFO - Streamlit dashboard started
2026-05-12 18:38:32,730 - INFO - User entered review: They seem to work okay so far and the price was great.
2026-05-12 18:38:32,739 - INFO - Dashboard prediction result: Positive
2026-05-12 18:38:45,860 - INFO - Streamlit dashboard started
2026-05-12 18:38:46,082 - INFO - Streamlit dashboard started
2026-05-12 18:38:47,378 - INFO - User entered review: the product is okay okay.
2026-05-12 18:38:47,384 - INFO - Dashboard prediction result: Neutral
